Using pre-set license
Built from '2020.3/staging' branch; Version is '2020.3.18f1 (a7d1c678663c) revision 10998214'; Using compiler version '192528614'; Build Type 'Release'
OS: 'Windows 10 Home; OS build 19042.1466; Version 2009; 64bit' Language: 'de' Physical Memory: 16322 MB
BatchMode: 1, IsHumanControllingUs: 0, StartBugReporterOnCrash: 0, Is64bit: 1, IsPro: 0

COMMAND LINE ARGUMENTS:
C:\Program Files\Unity\Hub\Editor\2020.3.18f1\Editor\Unity.exe
-adb2
-batchMode
-noUpm
-name
AssetImportWorker0
-projectPath
C:/Users/leola/Pictures/RealtimePA/Realtime3D-PA/Realtime3DWS2122
-logFile
Logs/AssetImportWorker0.log
-srvPort
62423
Successfully changed project path to: C:/Users/leola/Pictures/RealtimePA/Realtime3D-PA/Realtime3DWS2122
C:/Users/leola/Pictures/RealtimePA/Realtime3D-PA/Realtime3DWS2122
Using Asset Import Pipeline V2.
Refreshing native plugins compatible for Editor in 46.20 ms, found 2 plugins.
Preloading 0 native plugins for Editor in 0.00 ms.
Initialize engine version: 2020.3.18f1 (a7d1c678663c)
[Subsystems] Discovering subsystems at path C:/Program Files/Unity/Hub/Editor/2020.3.18f1/Editor/Data/Resources/UnitySubsystems
[Subsystems] Discovering subsystems at path C:/Users/leola/Pictures/RealtimePA/Realtime3D-PA/Realtime3DWS2122/Assets
GfxDevice: creating device client; threaded=0
Direct3D:
    Version:  Direct3D 11.0 [level 11.1]
    Renderer: NVIDIA GeForce RTX 3070 (ID=0x2484)
    Vendor:   
    VRAM:     8043 MB
    Driver:   27.21.14.6192
Initialize mono
Mono path[0] = 'C:/Program Files/Unity/Hub/Editor/2020.3.18f1/Editor/Data/Managed'
Mono path[1] = 'C:/Program Files/Unity/Hub/Editor/2020.3.18f1/Editor/Data/MonoBleedingEdge/lib/mono/unityjit'
Mono config path = 'C:/Program Files/Unity/Hub/Editor/2020.3.18f1/Editor/Data/MonoBleedingEdge/etc'
Using monoOptions --debugger-agent=transport=dt_socket,embedding=1,server=y,suspend=n,address=127.0.0.1:56216
Begin MonoManager ReloadAssembly
Registering precompiled unity dll's ...
Register platform support module: C:/Program Files/Unity/Hub/Editor/2020.3.18f1/Editor/Data/PlaybackEngines/WindowsStandaloneSupport/UnityEditor.WindowsStandalone.Extensions.dll
Registered in 0.001610 seconds.
Native extension for WindowsStandalone target not found
Refreshing native plugins compatible for Editor in 46.24 ms, found 2 plugins.
Preloading 0 native plugins for Editor in 0.00 ms.
Mono: successfully reloaded assembly
- Completed reload, in  1.764 seconds
Domain Reload Profiling:
	ReloadAssembly (1764ms)
		BeginReloadAssembly (46ms)
			ExecutionOrderSort (0ms)
			DisableScriptedObjects (0ms)
			BackupInstance (0ms)
			ReleaseScriptingObjects (0ms)
			CreateAndSetChildDomain (1ms)
		EndReloadAssembly (382ms)
			LoadAssemblies (45ms)
			RebuildTransferFunctionScriptingTraits (0ms)
			SetupTypeCache (135ms)
			ReleaseScriptCaches (0ms)
			RebuildScriptCaches (27ms)
			SetupLoadedEditorAssemblies (158ms)
				LogAssemblyErrors (0ms)
				InitializePlatformSupportModulesInManaged (3ms)
				SetLoadedEditorAssemblies (0ms)
				RefreshPlugins (46ms)
				BeforeProcessingInitializeOnLoad (8ms)
				ProcessInitializeOnLoadAttributes (73ms)
				ProcessInitializeOnLoadMethodAttributes (27ms)
				AfterProcessingInitializeOnLoad (0ms)
				EditorAssembliesLoaded (0ms)
			ExecutionOrderSort2 (0ms)
			AwakeInstancesAfterBackupRestoration (0ms)
Platform modules already initialized, skipping
Registering precompiled user dll's ...
Registered in 0.002775 seconds.
Begin MonoManager ReloadAssembly
Native extension for WindowsStandalone target not found
Refreshing native plugins compatible for Editor in 46.82 ms, found 2 plugins.
Preloading 0 native plugins for Editor in 0.00 ms.
Mono: successfully reloaded assembly
- Completed reload, in  0.994 seconds
Domain Reload Profiling:
	ReloadAssembly (995ms)
		BeginReloadAssembly (129ms)
			ExecutionOrderSort (0ms)
			DisableScriptedObjects (4ms)
			BackupInstance (0ms)
			ReleaseScriptingObjects (0ms)
			CreateAndSetChildDomain (15ms)
		EndReloadAssembly (811ms)
			LoadAssemblies (76ms)
			RebuildTransferFunctionScriptingTraits (0ms)
			SetupTypeCache (272ms)
			ReleaseScriptCaches (0ms)
			RebuildScriptCaches (49ms)
			SetupLoadedEditorAssemblies (301ms)
				LogAssemblyErrors (0ms)
				InitializePlatformSupportModulesInManaged (4ms)
				SetLoadedEditorAssemblies (0ms)
				RefreshPlugins (47ms)
				BeforeProcessingInitializeOnLoad (67ms)
				ProcessInitializeOnLoadAttributes (173ms)
				ProcessInitializeOnLoadMethodAttributes (4ms)
				AfterProcessingInitializeOnLoad (5ms)
				EditorAssembliesLoaded (0ms)
			ExecutionOrderSort2 (0ms)
			AwakeInstancesAfterBackupRestoration (6ms)
Platform modules already initialized, skipping
========================================================================
Worker process is ready to serve import requests
Launched and connected shader compiler UnityShaderCompiler.exe after 0.06 seconds
Refreshing native plugins compatible for Editor in 0.61 ms, found 2 plugins.
Preloading 0 native plugins for Editor in 0.00 ms.
Unloading 2736 Unused Serialized files (Serialized files now loaded: 0)
System memory in use before: 124.7 MB.
System memory in use after: 124.9 MB.

Unloading 17 unused Assets to reduce memory usage. Loaded Objects now: 3173.
Total: 2.822100 ms (FindLiveObjects: 0.256100 ms CreateObjectMapping: 0.132900 ms MarkObjects: 2.372700 ms  DeleteObjects: 0.059300 ms)

AssetImportParameters requested are different than current active one (requested -> active):
  custom:framework-win-MediaFoundation: 216162199b28c13a410421893ffa2e32 -> 
  custom:video-decoder-ogg-theora: a1e56fd34408186e4bbccfd4996cb3dc -> 
  custom:container-muxer-webm: aa71ff27fc2769a1b78a27578f13a17b -> 
  custom:container-demuxer-webm: 4f35f7cbe854078d1ac9338744f61a02 -> 
  custom:container-demuxer-ogg: 62fdf1f143b41e24485cea50d1cbac27 -> 
  custom:video-encoder-webm-vp8: eb34c28f22e8b96e1ab97ce403110664 -> 
  custom:video-decoder-webm-vp8: 9c59270c3fd7afecdb556c50c9e8de78 -> 
  custom:audio-decoder-ogg-vorbis: bf7c407c2cedff20999df2af8eb42d56 -> 
  custom:audio-encoder-webm-vorbis: bf7c407c2cedff20999df2af8eb42d56 -> 
========================================================================
Received Import Request.
  path: Assets/Models/Flaschen
  artifactKey: Guid(16f2e5f5a4e352e48ac6a5ca21c0e6fe) Importer(815301076,1909f56bfc062723c751e8b465ee728b)
Start importing Assets/Models/Flaschen using Guid(16f2e5f5a4e352e48ac6a5ca21c0e6fe) Importer(815301076,1909f56bfc062723c751e8b465ee728b)  -> (artifact id: '098fe2988a25c4d304b229945d1523cb') in 0.008757 seconds 
  Import took 0.012436 seconds .

========================================================================
Received Import Request.
  Time since last request: 0.000164 seconds.
  path: Assets/Models
  artifactKey: Guid(c94076c8ca1360c45b224b5d0df17b0b) Importer(815301076,1909f56bfc062723c751e8b465ee728b)
Start importing Assets/Models using Guid(c94076c8ca1360c45b224b5d0df17b0b) Importer(815301076,1909f56bfc062723c751e8b465ee728b)  -> (artifact id: '762cd96b27e8ad83cdb638fd031e28bb') in 0.005469 seconds 
  Import took 0.008898 seconds .

========================================================================
Received Import Request.
  Time since last request: 1.137817 seconds.
  path: Assets/Models/Flaschen/Flasche1
  artifactKey: Guid(ec384651a08ad6a4c8cbfb8aa485e1c2) Importer(815301076,1909f56bfc062723c751e8b465ee728b)
Start importing Assets/Models/Flaschen/Flasche1 using Guid(ec384651a08ad6a4c8cbfb8aa485e1c2) Importer(815301076,1909f56bfc062723c751e8b465ee728b)  -> (artifact id: '95692ea1ba5a3d8d137ba91851c64ce7') in 0.009551 seconds 
  Import took 0.015935 seconds .

========================================================================
Received Import Request.
  Time since last request: 0.061920 seconds.
  path: Assets/Models/Flaschen/Flasche1/Flasche1MaterialTest.fbx
  artifactKey: Guid(13b361b6b93b59142a289caabdc88d43) Importer(815301076,1909f56bfc062723c751e8b465ee728b)
Start importing Assets/Models/Flaschen/Flasche1/Flasche1MaterialTest.fbx using Guid(13b361b6b93b59142a289caabdc88d43) Importer(815301076,1909f56bfc062723c751e8b465ee728b)  -> (artifact id: '88be4076bbc0553ca5a3b0bcf6ecf65c') in 0.751954 seconds 
  Import took 0.755999 seconds .

========================================================================
Received Import Request.
  Time since last request: 14608.811044 seconds.
  path: Assets/Models/Flaschen/Flasche1/Baendel
  artifactKey: Guid(2e00d7deadfbf2e499e9fdf0979d5715) Importer(815301076,1909f56bfc062723c751e8b465ee728b)
Start importing Assets/Models/Flaschen/Flasche1/Baendel using Guid(2e00d7deadfbf2e499e9fdf0979d5715) Importer(815301076,1909f56bfc062723c751e8b465ee728b)  -> (artifact id: '294e56b3e99e002d44d4dd95f5fde222') in 0.009325 seconds 
  Import took 0.071627 seconds .

========================================================================
Received Import Request.
  Time since last request: 0.000240 seconds.
  path: Assets/Models/Flaschen/Flasche1/Baendel/BaendelF1D2.fbx
  artifactKey: Guid(6a6fdec6ffbcddf4f92208731a5b02a4) Importer(815301076,1909f56bfc062723c751e8b465ee728b)
Start importing Assets/Models/Flaschen/Flasche1/Baendel/BaendelF1D2.fbx using Guid(6a6fdec6ffbcddf4f92208731a5b02a4) Importer(815301076,1909f56bfc062723c751e8b465ee728b)  -> (artifact id: '13968a2b4a18cf181c8510ebf52151e4') in 0.149269 seconds 
  Import took 0.154087 seconds .

========================================================================
Received Import Request.
  Time since last request: 0.000202 seconds.
  path: Assets/Models/Flaschen/Flasche1/Baendel/BaendelF1D3.fbx
  artifactKey: Guid(d18a8620386c873419fba6e37cc4d0b0) Importer(815301076,1909f56bfc062723c751e8b465ee728b)
Start importing Assets/Models/Flaschen/Flasche1/Baendel/BaendelF1D3.fbx using Guid(d18a8620386c873419fba6e37cc4d0b0) Importer(815301076,1909f56bfc062723c751e8b465ee728b)  -> (artifact id: '857c8d6d3c7992e41b67f818b1fe2767') in 0.028714 seconds 
  Import took 0.032929 seconds .

========================================================================
Received Prepare
Registering precompiled user dll's ...
Registered in 0.002795 seconds.
Begin MonoManager ReloadAssembly
Native extension for WindowsStandalone target not found
Refreshing native plugins compatible for Editor in 0.46 ms, found 2 plugins.
Preloading 0 native plugins for Editor in 0.00 ms.
Mono: successfully reloaded assembly
- Completed reload, in  1.011 seconds
Domain Reload Profiling:
	ReloadAssembly (1012ms)
		BeginReloadAssembly (165ms)
			ExecutionOrderSort (0ms)
			DisableScriptedObjects (14ms)
			BackupInstance (0ms)
			ReleaseScriptingObjects (0ms)
			CreateAndSetChildDomain (70ms)
		EndReloadAssembly (788ms)
			LoadAssemblies (84ms)
			RebuildTransferFunctionScriptingTraits (0ms)
			SetupTypeCache (279ms)
			ReleaseScriptCaches (1ms)
			RebuildScriptCaches (38ms)
			SetupLoadedEditorAssemblies (255ms)
				LogAssemblyErrors (0ms)
				InitializePlatformSupportModulesInManaged (4ms)
				SetLoadedEditorAssemblies (0ms)
				RefreshPlugins (1ms)
				BeforeProcessingInitializeOnLoad (56ms)
				ProcessInitializeOnLoadAttributes (184ms)
				ProcessInitializeOnLoadMethodAttributes (4ms)
				AfterProcessingInitializeOnLoad (5ms)
				EditorAssembliesLoaded (0ms)
			ExecutionOrderSort2 (0ms)
			AwakeInstancesAfterBackupRestoration (15ms)
Platform modules already initialized, skipping
Refreshing native plugins compatible for Editor in 0.45 ms, found 2 plugins.
Preloading 0 native plugins for Editor in 0.00 ms.
Unloading 2628 Unused Serialized files (Serialized files now loaded: 0)
System memory in use before: 123.2 MB.
System memory in use after: 123.4 MB.

Unloading 12 unused Assets to reduce memory usage. Loaded Objects now: 3258.
Total: 3.880500 ms (FindLiveObjects: 0.247600 ms CreateObjectMapping: 0.127900 ms MarkObjects: 3.488600 ms  DeleteObjects: 0.015600 ms)

AssetImportParameters requested are different than current active one (requested -> active):
  custom:framework-win-MediaFoundation: 216162199b28c13a410421893ffa2e32 -> 
  custom:video-decoder-ogg-theora: a1e56fd34408186e4bbccfd4996cb3dc -> 
  custom:container-muxer-webm: aa71ff27fc2769a1b78a27578f13a17b -> 
  custom:container-demuxer-webm: 4f35f7cbe854078d1ac9338744f61a02 -> 
  custom:container-demuxer-ogg: 62fdf1f143b41e24485cea50d1cbac27 -> 
  custom:video-encoder-webm-vp8: eb34c28f22e8b96e1ab97ce403110664 -> 
  custom:video-decoder-webm-vp8: 9c59270c3fd7afecdb556c50c9e8de78 -> 
  custom:audio-decoder-ogg-vorbis: bf7c407c2cedff20999df2af8eb42d56 -> 
  custom:audio-encoder-webm-vorbis: bf7c407c2cedff20999df2af8eb42d56 -> 
========================================================================
Received Import Request.
  Time since last request: 1139.063522 seconds.
  path: Assets
  artifactKey: Guid(00000000000000001000000000000000) Importer(815301076,1909f56bfc062723c751e8b465ee728b)
Start importing Assets using Guid(00000000000000001000000000000000) Importer(815301076,1909f56bfc062723c751e8b465ee728b)  -> (artifact id: '42d402b061de3733987d63b9cc3b64de') in 0.010762 seconds 
  Import took 0.015835 seconds .

========================================================================
Received Import Request.
  Time since last request: 23.240055 seconds.
  path: Assets/Sprides
  artifactKey: Guid(1a288c6b299be9d4485d13a30c72c3c3) Importer(815301076,1909f56bfc062723c751e8b465ee728b)
Start importing Assets/Sprides using Guid(1a288c6b299be9d4485d13a30c72c3c3) Importer(815301076,1909f56bfc062723c751e8b465ee728b)  -> (artifact id: '24c3c9a6204ecd9796da06716589de4b') in 0.005682 seconds 
  Import took 0.009975 seconds .

AssetImportWorkerClient::OnTransportError - code=2 error=End of file
